<?xml version="1.0" encoding="UTF-8"?>
<!-- Generated by org.testng.reporters.JUnitReportReporter -->
<testsuite hostname="Krishna-PC" failures="0" tests="1" name="amazon.runner.RunTest" time="15.391" errors="0" timestamp="2023-12-22T12:37:17 IST" skipped="0">
  <testcase classname="amazon.runner.RunTest" name="testcaseone" time="15.391"/>
</testsuite> <!-- amazon.runner.RunTest -->
